This is pdfTeX, Version 3.141592653-2.6-1.40.25 (TeX Live 2023/Debian) (preloaded format=pdflatex 2024.8.9)  9 OCT 2024 11:25
entering extended mode
 restricted \write18 enabled.
 file:line:error style messages enabled.
 %&-line parsing enabled.
**main.tex
(./main.tex
LaTeX2e <2023-11-01> patch level 1
L3 programming layer <2024-01-22>
(/usr/share/texlive/texmf-dist/tex/latex/base/article.cls
Document Class: article 2023/05/17 v1.4n Standard LaTeX document class
(/usr/share/texlive/texmf-dist/tex/latex/base/size10.clo
File: size10.clo 2023/05/17 v1.4n Standard LaTeX file (size option)
)
\c@part=\count187
\c@section=\count188
\c@subsection=\count189
\c@subsubsection=\count190
\c@paragraph=\count191
\c@subparagraph=\count192
\c@figure=\count193
\c@table=\count194
\abovecaptionskip=\skip48
\belowcaptionskip=\skip49
\bibindent=\dimen140
) (./aistats2025.sty
Package: aistats2025 2024/08/18 AISTATS2025 submission/camera-ready style file

(/usr/share/texlive/texmf-dist/tex/latex/amsmath/amsmath.sty
Package: amsmath 2023/05/13 v2.17o AMS math features
\@mathmargin=\skip50

For additional information on amsmath, use the `?' option.
(/usr/share/texlive/texmf-dist/tex/latex/amsmath/amstext.sty
Package: amstext 2021/08/26 v2.01 AMS text

(/usr/share/texlive/texmf-dist/tex/latex/amsmath/amsgen.sty
File: amsgen.sty 1999/11/30 v2.0 generic functions
\@emptytoks=\toks17
\ex@=\dimen141
))
(/usr/share/texlive/texmf-dist/tex/latex/amsmath/amsbsy.sty
Package: amsbsy 1999/11/29 v1.2d Bold Symbols
\pmbraise@=\dimen142
)
(/usr/share/texlive/texmf-dist/tex/latex/amsmath/amsopn.sty
Package: amsopn 2022/04/08 v2.04 operator names
)
\inf@bad=\count195
LaTeX Info: Redefining \frac on input line 234.
\uproot@=\count196
\leftroot@=\count197
LaTeX Info: Redefining \overline on input line 399.
LaTeX Info: Redefining \colon on input line 410.
\classnum@=\count198
\DOTSCASE@=\count199
LaTeX Info: Redefining \ldots on input line 496.
LaTeX Info: Redefining \dots on input line 499.
LaTeX Info: Redefining \cdots on input line 620.
\Mathstrutbox@=\box51
\strutbox@=\box52
LaTeX Info: Redefining \big on input line 722.
LaTeX Info: Redefining \Big on input line 723.
LaTeX Info: Redefining \bigg on input line 724.
LaTeX Info: Redefining \Bigg on input line 725.
\big@size=\dimen143
LaTeX Font Info:    Redeclaring font encoding OML on input line 743.
LaTeX Font Info:    Redeclaring font encoding OMS on input line 744.
\macc@depth=\count266
LaTeX Info: Redefining \bmod on input line 905.
LaTeX Info: Redefining \pmod on input line 910.
LaTeX Info: Redefining \smash on input line 940.
LaTeX Info: Redefining \relbar on input line 970.
LaTeX Info: Redefining \Relbar on input line 971.
\c@MaxMatrixCols=\count267
\dotsspace@=\muskip16
\c@parentequation=\count268
\dspbrk@lvl=\count269
\tag@help=\toks18
\row@=\count270
\column@=\count271
\maxfields@=\count272
\andhelp@=\toks19
\eqnshift@=\dimen144
\alignsep@=\dimen145
\tagshift@=\dimen146
\tagwidth@=\dimen147
\totwidth@=\dimen148
\lineht@=\dimen149
\@envbody=\toks20
\multlinegap=\skip51
\multlinetaggap=\skip52
\mathdisplay@stack=\toks21
LaTeX Info: Redefining \[ on input line 2953.
LaTeX Info: Redefining \] on input line 2954.
)
\titlebox=\skip53
 (./fancyhdr.sty
\fancy@headwidth=\skip54
\f@ncyO@elh=\skip55
\f@ncyO@erh=\skip56
\f@ncyO@olh=\skip57
\f@ncyO@orh=\skip58
\f@ncyO@elf=\skip59
\f@ncyO@erf=\skip60
\f@ncyO@olf=\skip61
\f@ncyO@orf=\skip62
)
\titrun=\box53
\autrun=\box54
) (./util.tex (/usr/share/texlive/texmf-dist/tex/latex/algorithms/algorithm.sty
Package: algorithm 2009/08/24 v0.1 Document Style `algorithm' - floating enviro
nment

(/usr/share/texlive/texmf-dist/tex/latex/float/float.sty
Package: float 2001/11/08 v1.3d Float enhancements (AL)
\c@float@type=\count273
\float@exts=\toks22
\float@box=\box55
\@float@everytoks=\toks23
\@floatcapt=\box56
)
(/usr/share/texlive/texmf-dist/tex/latex/base/ifthen.sty
Package: ifthen 2022/04/13 v1.1d Standard LaTeX ifthen package (DPC)
)
\@float@every@algorithm=\toks24
\c@algorithm=\count274
)
(/usr/share/texlive/texmf-dist/tex/latex/algorithms/algorithmic.sty
Package: algorithmic 2009/08/24 v0.1 Document Style `algorithmic'

(/usr/share/texlive/texmf-dist/tex/latex/graphics/keyval.sty
Package: keyval 2022/05/29 v1.15 key=value parser (DPC)
\KV@toks@=\toks25
)
\c@ALC@unique=\count275
\c@ALC@line=\count276
\c@ALC@rem=\count277
\c@ALC@depth=\count278
\ALC@tlm=\skip63
\algorithmicindent=\skip64
)
(/usr/share/texlive/texmf-dist/tex/latex/amsfonts/amssymb.sty
Package: amssymb 2013/01/14 v3.01 AMS font symbols

(/usr/share/texlive/texmf-dist/tex/latex/amsfonts/amsfonts.sty
Package: amsfonts 2013/01/14 v3.01 Basic AMSFonts support
\symAMSa=\mathgroup4
\symAMSb=\mathgroup5
LaTeX Font Info:    Redeclaring math symbol \hbar on input line 98.
LaTeX Font Info:    Overwriting math alphabet `\mathfrak' in version `bold'
(Font)                  U/euf/m/n --> U/euf/b/n on input line 106.
))
(/usr/share/texlive/texmf-dist/tex/latex/amscls/amsthm.sty
Package: amsthm 2020/05/29 v2.20.6
\thm@style=\toks26
\thm@bodyfont=\toks27
\thm@headfont=\toks28
\thm@notefont=\toks29
\thm@headpunct=\toks30
\thm@preskip=\skip65
\thm@postskip=\skip66
\thm@headsep=\skip67
\dth@everypar=\toks31
)
(/usr/share/texlive/texmf-dist/tex/latex/parskip/parskip.sty
Package: parskip 2021-03-14 v2.0h non-zero parskip adjustments

(/usr/share/texlive/texmf-dist/tex/latex/kvoptions/kvoptions.sty
Package: kvoptions 2022-06-15 v3.15 Key value format for package options (HO)

(/usr/share/texlive/texmf-dist/tex/generic/ltxcmds/ltxcmds.sty
Package: ltxcmds 2023-12-04 v1.26 LaTeX kernel commands for general use (HO)
)
(/usr/share/texlive/texmf-dist/tex/latex/kvsetkeys/kvsetkeys.sty
Package: kvsetkeys 2022-10-05 v1.19 Key value parser (HO)
))
(/usr/share/texlive/texmf-dist/tex/latex/etoolbox/etoolbox.sty
Package: etoolbox 2020/10/05 v2.5k e-TeX tools for LaTeX (JAW)
\etb@tempcnta=\count279
))
(/usr/share/texlive/texmf-dist/tex/latex/hyperref/hyperref.sty
Package: hyperref 2024-01-20 v7.01h Hypertext links for LaTeX

(/usr/share/texlive/texmf-dist/tex/generic/iftex/iftex.sty
Package: iftex 2022/02/03 v1.0f TeX engine tests
)
(/usr/share/texlive/texmf-dist/tex/generic/kvdefinekeys/kvdefinekeys.sty
Package: kvdefinekeys 2019-12-19 v1.6 Define keys (HO)
)
(/usr/share/texlive/texmf-dist/tex/generic/pdfescape/pdfescape.sty
Package: pdfescape 2019/12/09 v1.15 Implements pdfTeX's escape features (HO)

(/usr/share/texlive/texmf-dist/tex/generic/pdftexcmds/pdftexcmds.sty
Package: pdftexcmds 2020-06-27 v0.33 Utility functions of pdfTeX for LuaTeX (HO
)

(/usr/share/texlive/texmf-dist/tex/generic/infwarerr/infwarerr.sty
Package: infwarerr 2019/12/03 v1.5 Providing info/warning/error messages (HO)
)
Package pdftexcmds Info: \pdf@primitive is available.
Package pdftexcmds Info: \pdf@ifprimitive is available.
Package pdftexcmds Info: \pdfdraftmode found.
))
(/usr/share/texlive/texmf-dist/tex/latex/hycolor/hycolor.sty
Package: hycolor 2020-01-27 v1.10 Color options for hyperref/bookmark (HO)
)
(/usr/share/texlive/texmf-dist/tex/latex/auxhook/auxhook.sty
Package: auxhook 2019-12-17 v1.6 Hooks for auxiliary files (HO)
)
(/usr/share/texlive/texmf-dist/tex/latex/hyperref/nameref.sty
Package: nameref 2023-11-26 v2.56 Cross-referencing by name of section

(/usr/share/texlive/texmf-dist/tex/latex/refcount/refcount.sty
Package: refcount 2019/12/15 v3.6 Data extraction from label references (HO)
)
(/usr/share/texlive/texmf-dist/tex/generic/gettitlestring/gettitlestring.sty
Package: gettitlestring 2019/12/15 v1.6 Cleanup title references (HO)
)
\c@section@level=\count280
)
\@linkdim=\dimen150
\Hy@linkcounter=\count281
\Hy@pagecounter=\count282

(/usr/share/texlive/texmf-dist/tex/latex/hyperref/pd1enc.def
File: pd1enc.def 2024-01-20 v7.01h Hyperref: PDFDocEncoding definition (HO)
Now handling font encoding PD1 ...
... no UTF-8 mapping file for font encoding PD1
)
(/usr/share/texlive/texmf-dist/tex/generic/intcalc/intcalc.sty
Package: intcalc 2019/12/15 v1.3 Expandable calculations with integers (HO)
)
\Hy@SavedSpaceFactor=\count283

(/usr/share/texlive/texmf-dist/tex/latex/hyperref/puenc.def
File: puenc.def 2024-01-20 v7.01h Hyperref: PDF Unicode definition (HO)
Now handling font encoding PU ...
... no UTF-8 mapping file for font encoding PU
)
Package hyperref Info: Hyper figures OFF on input line 4179.
Package hyperref Info: Link nesting OFF on input line 4184.
Package hyperref Info: Hyper index ON on input line 4187.
Package hyperref Info: Plain pages OFF on input line 4194.
Package hyperref Info: Backreferencing OFF on input line 4199.
Package hyperref Info: Implicit mode ON; LaTeX internals redefined.
Package hyperref Info: Bookmarks ON on input line 4446.
\c@Hy@tempcnt=\count284

(/usr/share/texlive/texmf-dist/tex/latex/url/url.sty
\Urlmuskip=\muskip17
Package: url 2013/09/16  ver 3.4  Verb mode for urls, etc.
)
LaTeX Info: Redefining \url on input line 4784.
\XeTeXLinkMargin=\dimen151

(/usr/share/texlive/texmf-dist/tex/generic/bitset/bitset.sty
Package: bitset 2019/12/09 v1.3 Handle bit-vector datatype (HO)

(/usr/share/texlive/texmf-dist/tex/generic/bigintcalc/bigintcalc.sty
Package: bigintcalc 2019/12/15 v1.5 Expandable calculations on big integers (HO
)
))
\Fld@menulength=\count285
\Field@Width=\dimen152
\Fld@charsize=\dimen153
Package hyperref Info: Hyper figures OFF on input line 6063.
Package hyperref Info: Link nesting OFF on input line 6068.
Package hyperref Info: Hyper index ON on input line 6071.
Package hyperref Info: backreferencing OFF on input line 6078.
Package hyperref Info: Link coloring OFF on input line 6083.
Package hyperref Info: Link coloring with OCG OFF on input line 6088.
Package hyperref Info: PDF/A mode OFF on input line 6093.

(/usr/share/texlive/texmf-dist/tex/latex/base/atbegshi-ltx.sty
Package: atbegshi-ltx 2021/01/10 v1.0c Emulation of the original atbegshi
package with kernel methods
)
\Hy@abspage=\count286
\c@Item=\count287
\c@Hfootnote=\count288
)
Package hyperref Info: Driver (autodetected): hpdftex.

(/usr/share/texlive/texmf-dist/tex/latex/hyperref/hpdftex.def
File: hpdftex.def 2024-01-20 v7.01h Hyperref driver for pdfTeX

(/usr/share/texlive/texmf-dist/tex/latex/base/atveryend-ltx.sty
Package: atveryend-ltx 2020/08/19 v1.0a Emulation of the original atveryend pac
kage
with kernel methods
)
\Fld@listcount=\count289
\c@bookmark@seq@number=\count290

(/usr/share/texlive/texmf-dist/tex/latex/rerunfilecheck/rerunfilecheck.sty
Package: rerunfilecheck 2022-07-10 v1.10 Rerun checks for auxiliary files (HO)

(/usr/share/texlive/texmf-dist/tex/generic/uniquecounter/uniquecounter.sty
Package: uniquecounter 2019/12/15 v1.4 Provide unlimited unique counter (HO)
)
Package uniquecounter Info: New unique counter `rerunfilecheck' on input line 2
85.
)
\Hy@SectionHShift=\skip68
)
\c@proposition=\count291
\c@lemma=\count292
\c@theorem=\count293
\c@fact=\count294
\c@assumption=\count295

(/usr/share/texlive/texmf-dist/tex/latex/tools/xspace.sty
Package: xspace 2014/10/28 v1.13 Space after command names (DPC,MH)
))
(/usr/share/texlive/texmf-dist/tex/latex/newfloat/newfloat.sty
Package: newfloat 2023/10/01 v1.2 Defining new floating environments (AR)
Package newfloat Info: Unsupported document class, or \@chapter 
(newfloat)             was already redefined by another package.
Package newfloat Info: \@chapter = macro:->\def \Hy@next {\Hy@MakeCurrentHrefAu
to {\Hy@chapapp *}\Hy@raisedlink {\hyper@anchorstart {\@currentHref }\hyper@anc
horend }}\ifnum \c@secnumdepth >\m@ne \@ifundefined {if@mainmatter}\iftrue {\cs
name if@mainmatter\endcsname }\let \Hy@next \relax \fi \fi \Hy@next \Hy@org@cha
pter .
Package newfloat Info: \Hy@org@chapter = macro:[#1]#2->\NR@gettitle {#1}\NR@cha
pter [{#1}]{#2}.
Package newfloat Info: \algocf@original@chapter = undefined.
)
(/usr/share/texlive/texmf-dist/tex/latex/listings/listings.sty
\lst@mode=\count296
\lst@gtempboxa=\box57
\lst@token=\toks32
\lst@length=\count297
\lst@currlwidth=\dimen154
\lst@column=\count298
\lst@pos=\count299
\lst@lostspace=\dimen155
\lst@width=\dimen156
\lst@newlines=\count300
\lst@lineno=\count301
\lst@maxwidth=\dimen157

(/usr/share/texlive/texmf-dist/tex/latex/listings/lstmisc.sty
File: lstmisc.sty 2023/02/27 1.9 (Carsten Heinz)
\c@lstnumber=\count302
\lst@skipnumbers=\count303
\lst@framebox=\box58
)
(/usr/share/texlive/texmf-dist/tex/latex/listings/listings.cfg
File: listings.cfg 2023/02/27 1.9 listings configuration
))
Package: listings 2023/02/27 1.9 (Carsten Heinz)

(/usr/share/texlive/texmf-dist/tex/latex/multirow/multirow.sty
Package: multirow 2021/03/15 v2.8 Span multiple rows of a table
\multirow@colwidth=\skip69
\multirow@cntb=\count304
\multirow@dima=\skip70
\bigstrutjot=\dimen158
)
(/usr/share/texlive/texmf-dist/tex/latex/subfigure/subfigure.sty
Package: subfigure 2002/03/15 v2.1.5 subfigure package
\subfigtopskip=\skip71
\subfigcapskip=\skip72
\subfigcaptopadj=\dimen159
\subfigbottomskip=\skip73
\subfigcapmargin=\dimen160
\subfiglabelskip=\skip74
\c@subfigure=\count305
\c@lofdepth=\count306
\c@subtable=\count307
\c@lotdepth=\count308

****************************************
* Local config file subfigure.cfg used *
****************************************
(/usr/share/texlive/texmf-dist/tex/latex/subfigure/subfigure.cfg)
\subfig@top=\skip75
\subfig@bottom=\skip76
)
(/usr/share/texlive/texmf-dist/tex/latex/booktabs/booktabs.sty
Package: booktabs 2020/01/12 v1.61803398 Publication quality tables
\heavyrulewidth=\dimen161
\lightrulewidth=\dimen162
\cmidrulewidth=\dimen163
\belowrulesep=\dimen164
\belowbottomsep=\dimen165
\aboverulesep=\dimen166
\abovetopsep=\dimen167
\cmidrulesep=\dimen168
\cmidrulekern=\dimen169
\defaultaddspace=\dimen170
\@cmidla=\count309
\@cmidlb=\count310
\@aboverulesep=\dimen171
\@belowrulesep=\dimen172
\@thisruleclass=\count311
\@lastruleclass=\count312
\@thisrulewidth=\dimen173
)
(/usr/share/texlive/texmf-dist/tex/latex/graphics/graphicx.sty
Package: graphicx 2021/09/16 v1.2d Enhanced LaTeX Graphics (DPC,SPQR)

(/usr/share/texlive/texmf-dist/tex/latex/graphics/graphics.sty
Package: graphics 2022/03/10 v1.4e Standard LaTeX Graphics (DPC,SPQR)

(/usr/share/texlive/texmf-dist/tex/latex/graphics/trig.sty
Package: trig 2021/08/11 v1.11 sin cos tan (DPC)
)
(/usr/share/texlive/texmf-dist/tex/latex/graphics-cfg/graphics.cfg
File: graphics.cfg 2016/06/04 v1.11 sample graphics configuration
)
Package graphics Info: Driver file: pdftex.def on input line 107.

(/usr/share/texlive/texmf-dist/tex/latex/graphics-def/pdftex.def
File: pdftex.def 2022/09/22 v1.2b Graphics/color driver for pdftex
))
\Gin@req@height=\dimen174
\Gin@req@width=\dimen175
)
(/usr/share/texlive/texmf-dist/tex/latex/xcolor/xcolor.sty
Package: xcolor 2023/11/15 v3.01 LaTeX color extensions (UK)

(/usr/share/texlive/texmf-dist/tex/latex/graphics-cfg/color.cfg
File: color.cfg 2016/01/02 v1.6 sample color configuration
)
Package xcolor Info: Driver file: pdftex.def on input line 274.

(/usr/share/texlive/texmf-dist/tex/latex/graphics/mathcolor.ltx)
Package xcolor Info: Model `cmy' substituted by `cmy0' on input line 1350.
Package xcolor Info: Model `hsb' substituted by `rgb' on input line 1354.
Package xcolor Info: Model `RGB' extended on input line 1366.
Package xcolor Info: Model `HTML' substituted by `rgb' on input line 1368.
Package xcolor Info: Model `Hsb' substituted by `hsb' on input line 1369.
Package xcolor Info: Model `tHsb' substituted by `hsb' on input line 1370.
Package xcolor Info: Model `HSB' substituted by `hsb' on input line 1371.
Package xcolor Info: Model `Gray' substituted by `gray' on input line 1372.
Package xcolor Info: Model `wave' substituted by `hsb' on input line 1373.
)
(/usr/share/texlive/texmf-dist/tex/latex/natbib/natbib.sty
Package: natbib 2010/09/13 8.31b (PWD, AO)
\bibhang=\skip77
\bibsep=\skip78
LaTeX Info: Redefining \cite on input line 694.
\c@NAT@ctr=\count313
)
(/usr/share/texlive/texmf-dist/tex/latex/l3backend/l3backend-pdftex.def
File: l3backend-pdftex.def 2024-01-04 L3 backend support: PDF output (pdfTeX)
\l__color_backend_stack_int=\count314
\l__pdf_internal_box=\box59
)
(./main.aux

LaTeX Warning: Label `' multiply defined.


LaTeX Warning: Label `' multiply defined.

)
\openout1 = `main.aux'.

LaTeX Font Info:    Checking defaults for OML/cmm/m/it on input line 40.
LaTeX Font Info:    ... okay on input line 40.
LaTeX Font Info:    Checking defaults for OMS/cmsy/m/n on input line 40.
LaTeX Font Info:    ... okay on input line 40.
LaTeX Font Info:    Checking defaults for OT1/cmr/m/n on input line 40.
LaTeX Font Info:    ... okay on input line 40.
LaTeX Font Info:    Checking defaults for T1/cmr/m/n on input line 40.
LaTeX Font Info:    ... okay on input line 40.
LaTeX Font Info:    Checking defaults for TS1/cmr/m/n on input line 40.
LaTeX Font Info:    ... okay on input line 40.
LaTeX Font Info:    Checking defaults for OMX/cmex/m/n on input line 40.
LaTeX Font Info:    ... okay on input line 40.
LaTeX Font Info:    Checking defaults for U/cmr/m/n on input line 40.
LaTeX Font Info:    ... okay on input line 40.
LaTeX Font Info:    Checking defaults for PD1/pdf/m/n on input line 40.
LaTeX Font Info:    ... okay on input line 40.
LaTeX Font Info:    Checking defaults for PU/pdf/m/n on input line 40.
LaTeX Font Info:    ... okay on input line 40.
Package hyperref Info: Link coloring OFF on input line 40.
 (./main.out) (./main.out)
\@outlinefile=\write3
\openout3 = `main.out'.

Package newfloat Info: Trying Plan B...
Package newfloat Info: `float' package detected.
\c@lstlisting=\count315

(/usr/share/texlive/texmf-dist/tex/context/base/mkii/supp-pdf.mkii
[Loading MPS to PDF converter (version 2006.09.02).]
\scratchcounter=\count316
\scratchdimen=\dimen176
\scratchbox=\box60
\nofMPsegments=\count317
\nofMParguments=\count318
\everyMPshowfont=\toks33
\MPscratchCnt=\count319
\MPscratchDim=\dimen177
\MPnumerator=\count320
\makeMPintoPDFobject=\count321
\everyMPtoPDFconversion=\toks34
) (/usr/share/texlive/texmf-dist/tex/latex/epstopdf-pkg/epstopdf-base.sty
Package: epstopdf-base 2020-01-24 v2.11 Base part for package epstopdf

(/usr/share/texlive/texmf-dist/tex/latex/grfext/grfext.sty
Package: grfext 2019/12/03 v1.3 Manage graphics extensions (HO)
)
Package epstopdf-base Info: Redefining graphics rule for `.eps' on input line 4
85.
Package grfext Info: Graphics extension search list:
(grfext)             [.pdf,.png,.jpg,.mps,.jpeg,.jbig2,.jb2,.PDF,.PNG,.JPG,.JPE
G,.JBIG2,.JB2,.eps]
(grfext)             \AppendGraphicsExtensions on input line 504.

(/usr/share/texlive/texmf-dist/tex/latex/latexconfig/epstopdf-sys.cfg
File: epstopdf-sys.cfg 2010/07/13 v1.3 Configuration of (r)epstopdf for TeX Liv
e
))
LaTeX Font Info:    Trying to load font information for U+msa on input line 62.


(/usr/share/texlive/texmf-dist/tex/latex/amsfonts/umsa.fd
File: umsa.fd 2013/01/14 v3.01 AMS symbols A
)
LaTeX Font Info:    Trying to load font information for U+msb on input line 62.


(/usr/share/texlive/texmf-dist/tex/latex/amsfonts/umsb.fd
File: umsb.fd 2013/01/14 v3.01 AMS symbols B
) (./abstract.tex
Overfull \hbox (5.1225pt too wide) in paragraph at lines 1--1
 [] 
 []


Underfull \hbox (badness 2582) in paragraph at lines 2--15
[]\OT1/cmr/m/n/10 Modern in-stances of com-bi-na-to-rial op-ti-
 []

) (./intro.tex
<Figures/MaxCover_performance.pdf, id=103, 455.19499pt x 330.06595pt>
File: Figures/MaxCover_performance.pdf Graphic file (type pdf)
<use Figures/MaxCover_performance.pdf>
Package pdftex.def Info: Figures/MaxCover_performance.pdf  used on input line 7
3.
(pdftex.def)             Requested size: 219.51863pt x 159.17523pt.
<Figures/3d_plot_max_label_crop.pdf, id=104, 285.065pt x 252.945pt>
File: Figures/3d_plot_max_label_crop.pdf Graphic file (type pdf)
<use Figures/3d_plot_max_label_crop.pdf>
Package pdftex.def Info: Figures/3d_plot_max_label_crop.pdf  used on input line
 76.
(pdftex.def)             Requested size: 219.51863pt x 194.78369pt.

Underfull \hbox (badness 1199) in paragraph at lines 85--100
[]\OT1/cmr/bx/n/10 Contributions. \OT1/cmr/m/n/10 We in-tro-duce \OT1/cmr/m/sc/
10 Quick-Prune\OT1/cmr/m/n/10 , a
 []

[1{/var/lib/texmf/fonts/map/pdftex/updmap/pdftex.map}



{/usr/share/texmf/fonts/enc/dvips/cm-super/cm-super-ts1.enc}]
Underfull \hbox (badness 2310) in paragraph at lines 101--118
\OT1/cmr/m/n/10 show that the out-put of \OT1/cmr/m/sc/10 Quick-Prune \OT1/cmr/
m/n/10 sat-is-fies
 []

[2 <./Figures/MaxCover_performance.pdf> <./Figures/3d_plot_max_label_crop.pdf>]

Underfull \hbox (badness 3240) in paragraph at lines 237--261
[]\OT1/cmr/bx/n/10 Pruning via su-per-vised learn-ing meth-ods.
 []


Underfull \vbox (badness 1803) has occurred while \output is active []

)
(./related_work.tex) (./algorithm.tex

LaTeX Font Warning: Font shape `OT1/cmr/bx/sc' undefined
(Font)              using `OT1/cmr/bx/n' instead on input line 1.

[3]

LaTeX Font Warning: Font shape `OT1/cmr/m/scit' undefined
(Font)              using `OT1/cmr/m/sc' instead on input line 37.


LaTeX Font Warning: Font shape `OT1/cmr/m/scit' undefined
(Font)              using `OT1/cmr/m/sc' instead on input line 38.


Underfull \hbox (badness 1127) in paragraph at lines 34--46
\OT1/cmr/m/it/10 with $\OML/cmm/m/it/10 ^^Q$\OT1/cmr/m/it/10 . Let $\OMS/cmsy/m
/n/10 U[]$ \OT1/cmr/m/it/10 be the out-put of \OT1/cmr/m/sc/10 Quick-Prune
 []


Underfull \hbox (badness 1210) in paragraph at lines 34--46
\OT1/cmr/m/it/10 (Alg. []2[]) with pa-ram-e-ters $\OT1/cmr/m/n/10 (\OML/cmm/m/i
t/10 f; c; ^^T[]; ^^T[]; ^^N; "; ^^Q\OT1/cmr/m/n/10 )$\OT1/cmr/m/it/10 .
 []


Underfull \hbox (badness 2452) in paragraph at lines 34--46
\OT1/cmr/m/it/10 Then, for all $\OML/cmm/m/it/10 ^^T[] \OMS/cmsy/m/n/10 2 \OT1/
cmr/m/n/10 [\OML/cmm/m/it/10 ^^T[]; ^^T[]\OT1/cmr/m/n/10 ]$\OT1/cmr/m/it/10 , i
t holds that
 []


Underfull \hbox (badness 3000) in paragraph at lines 34--46
\OML/cmm/m/it/10 f[]\OT1/cmr/m/n/10 (\OMS/cmsy/m/n/10 U[]\OT1/cmr/m/n/10 ) \OMS
/cmsy/m/n/10 ^^U []\OML/cmm/m/it/10 f[]\OT1/cmr/m/n/10 (\OMS/cmsy/m/n/10 U\OT1/
cmr/m/n/10 )\OML/cmm/m/it/10 :$ \OT1/cmr/m/it/10 And, $\OMS/cmsy/m/n/10 jU[]j \
OT1/cmr/m/n/10 =
 []


LaTeX Font Warning: Font shape `OT1/cmr/m/scit' undefined
(Font)              using `OT1/cmr/m/sc' instead on input line 78.

Package hyperref Info: bookmark level for unknown algorithm defaults to 0 on in
put line 83.
[4]

LaTeX Font Warning: Font shape `OT1/cmr/m/scit' undefined
(Font)              using `OT1/cmr/m/sc' instead on input line 150.


LaTeX Font Warning: Font shape `OT1/cmr/m/scit' undefined
(Font)              using `OT1/cmr/m/sc' instead on input line 160.


LaTeX Font Warning: Font shape `OT1/cmr/m/scit' undefined
(Font)              using `OT1/cmr/m/sc' instead on input line 160.


LaTeX Font Warning: Font shape `OT1/cmr/m/scit' undefined
(Font)              using `OT1/cmr/m/sc' instead on input line 209.

) (./experiments.tex [5]
<Figures/Ratio/MaxCover_QueriesToPrune.pdf, id=392, 570.85205pt x 284.81648pt>
File: Figures/Ratio/MaxCover_QueriesToPrune.pdf Graphic file (type pdf)
<use Figures/Ratio/MaxCover_QueriesToPrune.pdf>
Package pdftex.def Info: Figures/Ratio/MaxCover_QueriesToPrune.pdf  used on inp
ut line 192.
(pdftex.def)             Requested size: 243.91124pt x 121.69511pt.

Overfull \hbox (9.03374pt too wide) in paragraph at lines 192--193
 [][] 
 []

[6 <./Figures/Ratio/MaxCover_QueriesToPrune.pdf>]
<Figures/IM/Wiki.pdf, id=474, 569.55884pt x 450.69254pt>
File: Figures/IM/Wiki.pdf Graphic file (type pdf)
<use Figures/IM/Wiki.pdf>
Package pdftex.def Info: Figures/IM/Wiki.pdf  used on input line 276.
(pdftex.def)             Requested size: 112.19708pt x 88.77525pt.
<Figures/IM/Slashdot.pdf, id=475, 550.39348pt x 450.69254pt>
File: Figures/IM/Slashdot.pdf Graphic file (type pdf)
<use Figures/IM/Slashdot.pdf>
Package pdftex.def Info: Figures/IM/Slashdot.pdf  used on input line 279.
(pdftex.def)             Requested size: 112.19708pt x 91.8699pt.
<Figures/IM/YouTube.pdf, id=476, 550.39348pt x 450.69254pt>
File: Figures/IM/YouTube.pdf Graphic file (type pdf)
<use Figures/IM/YouTube.pdf>
Package pdftex.def Info: Figures/IM/YouTube.pdf  used on input line 282.
(pdftex.def)             Requested size: 112.19708pt x 91.8699pt.
<Figures/IM/Twitter.pdf, id=477, 550.39348pt x 450.69254pt>
File: Figures/IM/Twitter.pdf Graphic file (type pdf)
<use Figures/IM/Twitter.pdf>
Package pdftex.def Info: Figures/IM/Twitter.pdf  used on input line 285.
(pdftex.def)             Requested size: 112.19708pt x 91.8699pt.

Underfull \hbox (badness 2173) in paragraph at lines 310--311
 []\OT1/cmr/bx/sc/10 Image Re-trieval Sys-tem Re-sults.[] \OT1/cmr/m/n/10 Next,
 we
 []


Underfull \vbox (badness 1448) has occurred while \output is active []

 [7])
(./conclusion.tex [8 <./Figures/IM/Wiki.pdf> <./Figures/IM/Slashdot.pdf> <./Fig
ures/IM/YouTube.pdf> <./Figures/IM/Twitter.pdf>]) (./main.bbl
Underfull \hbox (badness 4846) in paragraph at lines 63--69
[]\OT1/cmr/m/n/10 Sahil Man-chanda, AKASH MIT-TAL, Anuj
 []


Underfull \hbox (badness 2932) in paragraph at lines 63--69
\OT1/cmr/m/n/10 Dhawan, Sourav Me-dya, Sayan Ranu, and
 []


Underfull \hbox (badness 2142) in paragraph at lines 63--69
\OT1/cmr/m/n/10 Am-buj Singh.  GCOMB: Learn-ing Budget-
 []


Underfull \hbox (badness 10000) in paragraph at lines 63--69
\OT1/cmr/m/n/10 constrained Com-bi-na-to-rial Al-go-rithms over
 []


Underfull \hbox (badness 3148) in paragraph at lines 63--69
\OT1/cmr/m/it/10 In-for-ma-tion Pro-cess-ing Sys-tems\OT1/cmr/m/n/10 , vol-ume 
33,
 []


Underfull \hbox (badness 2600) in paragraph at lines 63--69
\OT1/cmr/m/n/10 pages 20000--20011. Cur-ran As-so-ciates, Inc.,
 []


Underfull \hbox (badness 1199) in paragraph at lines 71--74
\OT1/cmr/m/n/10 Large-Scale Com-bi-na-to-rial Op-ti-mi-sa-tion, May
 []


Underfull \hbox (badness 1173) in paragraph at lines 116--122
\OT1/cmr/m/n/10 Max-i-miz-ing Non-monotone Sub-mod-u-lar Func-
 []

[9

]
Underfull \hbox (badness 10000) in paragraph at lines 162--167
[]\OT1/cmr/m/n/10 Anupam Gupta, Aaron Roth, Grant
 []


Underfull \hbox (badness 2512) in paragraph at lines 162--167
\OT1/cmr/m/n/10 and sec-re-tary al-go-rithms.  In \OT1/cmr/m/it/10 In-ter-na-ti
onal
 []


Underfull \hbox (badness 1975) in paragraph at lines 179--183
\OT1/cmr/m/n/10 makr-ish-nan, Jeff Bilmes, and Rishabh Iyer.
 []


Underfull \hbox (badness 5741) in paragraph at lines 224--228
[]\OT1/cmr/m/n/10 Krishnateja Kil-lam-setty, Alexan-dre V. Ev-
 []


Underfull \hbox (badness 1454) in paragraph at lines 243--250
[]\OT1/cmr/m/n/10 Piotr In-dyk, Sepi-deh Ma-habadi, Mo-ham-mad
 []


Underfull \hbox (badness 4686) in paragraph at lines 269--277
\OT1/cmr/m/n/10 Ran-dom-ized Com-pos-able Core-sets for Dis-
 []

[10]
Underfull \hbox (badness 1199) in paragraph at lines 351--354
[]\OT1/cmr/m/n/10 Jiwei Zhang and Deepak Ajwani.  Learn-ing
 []


Underfull \hbox (badness 1968) in paragraph at lines 407--410
[]\OT1/cmr/m/n/10 Thomas N Kipf and Max Welling.  Semi-
 []


Underfull \hbox (badness 3713) in paragraph at lines 418--421
[]\OT1/cmr/m/n/10 Makerere AI Lab.  Bean dis-ease dataset,
 []


Underfull \hbox (badness 2538) in paragraph at lines 418--421
\OT1/cmr/m/n/10 Jan-uary 2020.  URL []$\OT1/cmtt/m/n/10 https : / / github . co
m /
 []


Underfull \hbox (badness 1389) in paragraph at lines 434--438
[]\OT1/cmr/m/n/10 Khurram Soomro, Amir Roshan Za-mir, and
 []

[11])
Underfull \hbox (badness 10000) in paragraph at lines 116--117
[]\OT1/cmr/m/n/10 Information about con-sent from data
 []

[12] (./appendix.tex [13

]

pdfTeX warning: pdflatex (file ./Figures/retrieval system/retrieval_system_crop
.pdf): PDF inclusion: found PDF version <1.7>, but at most version <1.5> allowe
d
<Figures/retrieval system/retrieval_system_crop.pdf, id=799, 831.105pt x 198.74
25pt>
File: Figures/retrieval system/retrieval_system_crop.pdf Graphic file (type pdf
)
<use Figures/retrieval system/retrieval_system_crop.pdf>
Package pdftex.def Info: Figures/retrieval system/retrieval_system_crop.pdf  us
ed on input line 8.
(pdftex.def)             Requested size: 487.8225pt x 116.65356pt.
<Figures/retrieval system/BEANS.pdf, id=800, 491.55519pt x 380.02551pt>
File: Figures/retrieval system/BEANS.pdf Graphic file (type pdf)
<use Figures/retrieval system/BEANS.pdf>
Package pdftex.def Info: Figures/retrieval system/BEANS.pdf  used on input line
 11.
(pdftex.def)             Requested size: 112.19708pt x 86.73717pt.
<Figures/retrieval system/CIFAR100.pdf, id=801, 491.55519pt x 380.02551pt>
File: Figures/retrieval system/CIFAR100.pdf Graphic file (type pdf)
<use Figures/retrieval system/CIFAR100.pdf>
Package pdftex.def Info: Figures/retrieval system/CIFAR100.pdf  used on input l
ine 14.
(pdftex.def)             Requested size: 112.19708pt x 86.73717pt.
<Figures/retrieval system/FOOD101.pdf, id=802, 491.55519pt x 380.02551pt>
File: Figures/retrieval system/FOOD101.pdf Graphic file (type pdf)
<use Figures/retrieval system/FOOD101.pdf>
Package pdftex.def Info: Figures/retrieval system/FOOD101.pdf  used on input li
ne 17.
(pdftex.def)             Requested size: 112.19708pt x 86.73717pt.
<Figures/retrieval system/UCF101.pdf, id=803, 489.5477pt x 380.02551pt>
File: Figures/retrieval system/UCF101.pdf Graphic file (type pdf)
<use Figures/retrieval system/UCF101.pdf>
Package pdftex.def Info: Figures/retrieval system/UCF101.pdf  used on input lin
e 20.
(pdftex.def)             Requested size: 112.19708pt x 87.09668pt.

Overfull \hbox (6.66666pt too wide) in paragraph at lines 8--21
[][]
 []

[14

 <./Figures/retrieval system/retrieval_system_crop.pdf> <./Figures/retrieval sy
stem/BEANS.pdf> <./Figures/retrieval system/CIFAR100.pdf> <./Figures/retrieval 
system/FOOD101.pdf> <./Figures/retrieval system/UCF101.pdf>] [15] [16]
[17]
<Figures/cpu_gpu_usage_by_algorithm.pdf, id=1109, 455.1749pt x 339.6439pt>
File: Figures/cpu_gpu_usage_by_algorithm.pdf Graphic file (type pdf)
<use Figures/cpu_gpu_usage_by_algorithm.pdf>
Package pdftex.def Info: Figures/cpu_gpu_usage_by_algorithm.pdf  used on input 
line 294.
(pdftex.def)             Requested size: 243.91124pt x 182.0005pt.


LaTeX Warning: `h' float specifier changed to `ht'.


LaTeX Warning: No positions in optional float specifier.
               Default added (so using `tbp') on input line 335.


LaTeX Warning: No positions in optional float specifier.
               Default added (so using `tbp') on input line 415.

<Figures/MaxCover/Facebook.pdf, id=1121, 550.39348pt x 450.69254pt>
File: Figures/MaxCover/Facebook.pdf Graphic file (type pdf)
<use Figures/MaxCover/Facebook.pdf>
Package pdftex.def Info: Figures/MaxCover/Facebook.pdf  used on input line 418.

(pdftex.def)             Requested size: 112.19708pt x 91.8699pt.
<Figures/MaxCover/Wiki.pdf, id=1122, 569.55884pt x 450.69254pt>
File: Figures/MaxCover/Wiki.pdf Graphic file (type pdf)
<use Figures/MaxCover/Wiki.pdf>
Package pdftex.def Info: Figures/MaxCover/Wiki.pdf  used on input line 421.
(pdftex.def)             Requested size: 112.19708pt x 88.77525pt.
<Figures/MaxCover/Deezer.pdf, id=1123, 598.29118pt x 450.69254pt>
File: Figures/MaxCover/Deezer.pdf Graphic file (type pdf)
<use Figures/MaxCover/Deezer.pdf>
Package pdftex.def Info: Figures/MaxCover/Deezer.pdf  used on input line 424.
(pdftex.def)             Requested size: 112.19708pt x 84.51152pt.
<Figures/MaxCover/Slashdot.pdf, id=1124, 569.55884pt x 450.69254pt>
File: Figures/MaxCover/Slashdot.pdf Graphic file (type pdf)
<use Figures/MaxCover/Slashdot.pdf>
Package pdftex.def Info: Figures/MaxCover/Slashdot.pdf  used on input line 427.

(pdftex.def)             Requested size: 112.19708pt x 88.77525pt.
<Figures/MaxCover/Twitter.pdf, id=1125, 569.55884pt x 450.69254pt>
File: Figures/MaxCover/Twitter.pdf Graphic file (type pdf)
<use Figures/MaxCover/Twitter.pdf>
Package pdftex.def Info: Figures/MaxCover/Twitter.pdf  used on input line 430.
(pdftex.def)             Requested size: 112.19708pt x 88.77525pt.
<Figures/MaxCover/DBLP.pdf, id=1126, 569.55884pt x 450.69254pt>
File: Figures/MaxCover/DBLP.pdf Graphic file (type pdf)
<use Figures/MaxCover/DBLP.pdf>
Package pdftex.def Info: Figures/MaxCover/DBLP.pdf  used on input line 433.
(pdftex.def)             Requested size: 112.19708pt x 88.77525pt.
<Figures/MaxCover/YouTube.pdf, id=1127, 569.55884pt x 450.69254pt>
File: Figures/MaxCover/YouTube.pdf Graphic file (type pdf)
<use Figures/MaxCover/YouTube.pdf>
Package pdftex.def Info: Figures/MaxCover/YouTube.pdf  used on input line 436.
(pdftex.def)             Requested size: 112.19708pt x 88.77525pt.
<Figures/MaxCover/Skitter.pdf, id=1128, 569.55884pt x 450.69254pt>
File: Figures/MaxCover/Skitter.pdf Graphic file (type pdf)
<use Figures/MaxCover/Skitter.pdf>
Package pdftex.def Info: Figures/MaxCover/Skitter.pdf  used on input line 439.
(pdftex.def)             Requested size: 112.19708pt x 88.77525pt.
<Figures/IM/Facebook.pdf, id=1129, 598.29118pt x 450.69254pt>
File: Figures/IM/Facebook.pdf Graphic file (type pdf)
<use Figures/IM/Facebook.pdf>
Package pdftex.def Info: Figures/IM/Facebook.pdf  used on input line 450.
(pdftex.def)             Requested size: 112.19708pt x 84.51152pt.
File: Figures/IM/Wiki.pdf Graphic file (type pdf)
<use Figures/IM/Wiki.pdf>
Package pdftex.def Info: Figures/IM/Wiki.pdf  used on input line 453.
(pdftex.def)             Requested size: 112.19708pt x 88.77525pt.
<Figures/IM/Deezer.pdf, id=1130, 569.55884pt x 450.69254pt>
File: Figures/IM/Deezer.pdf Graphic file (type pdf)
<use Figures/IM/Deezer.pdf>
Package pdftex.def Info: Figures/IM/Deezer.pdf  used on input line 456.
(pdftex.def)             Requested size: 112.19708pt x 88.77525pt.
File: Figures/IM/Slashdot.pdf Graphic file (type pdf)
<use Figures/IM/Slashdot.pdf>
Package pdftex.def Info: Figures/IM/Slashdot.pdf  used on input line 459.
(pdftex.def)             Requested size: 112.19708pt x 91.8699pt.
File: Figures/IM/Twitter.pdf Graphic file (type pdf)
<use Figures/IM/Twitter.pdf>
Package pdftex.def Info: Figures/IM/Twitter.pdf  used on input line 462.
(pdftex.def)             Requested size: 112.19708pt x 91.8699pt.
<Figures/IM/DBLP.pdf, id=1131, 569.55884pt x 450.69254pt>
File: Figures/IM/DBLP.pdf Graphic file (type pdf)
<use Figures/IM/DBLP.pdf>
Package pdftex.def Info: Figures/IM/DBLP.pdf  used on input line 465.
(pdftex.def)             Requested size: 112.19708pt x 88.77525pt.
File: Figures/IM/YouTube.pdf Graphic file (type pdf)
<use Figures/IM/YouTube.pdf>
Package pdftex.def Info: Figures/IM/YouTube.pdf  used on input line 468.
(pdftex.def)             Requested size: 112.19708pt x 91.8699pt.
<Figures/MaxCut/Facebook.pdf, id=1132, 598.29118pt x 450.69254pt>
File: Figures/MaxCut/Facebook.pdf Graphic file (type pdf)
<use Figures/MaxCut/Facebook.pdf>
Package pdftex.def Info: Figures/MaxCut/Facebook.pdf  used on input line 483.
(pdftex.def)             Requested size: 112.19708pt x 84.51152pt.
<Figures/MaxCut/Wiki.pdf, id=1133, 569.55884pt x 450.69254pt>
File: Figures/MaxCut/Wiki.pdf Graphic file (type pdf)
<use Figures/MaxCut/Wiki.pdf>
Package pdftex.def Info: Figures/MaxCut/Wiki.pdf  used on input line 486.
(pdftex.def)             Requested size: 112.19708pt x 88.77525pt.
<Figures/MaxCut/Deezer.pdf, id=1134, 569.55884pt x 450.69254pt>
File: Figures/MaxCut/Deezer.pdf Graphic file (type pdf)
<use Figures/MaxCut/Deezer.pdf>
Package pdftex.def Info: Figures/MaxCut/Deezer.pdf  used on input line 489.
(pdftex.def)             Requested size: 112.19708pt x 88.77525pt.
<Figures/MaxCut/Slashdot.pdf, id=1135, 569.55884pt x 450.69254pt>
File: Figures/MaxCut/Slashdot.pdf Graphic file (type pdf)
<use Figures/MaxCut/Slashdot.pdf>
Package pdftex.def Info: Figures/MaxCut/Slashdot.pdf  used on input line 492.
(pdftex.def)             Requested size: 112.19708pt x 88.77525pt.
<Figures/MaxCut/Twitter.pdf, id=1136, 569.55884pt x 450.69254pt>
File: Figures/MaxCut/Twitter.pdf Graphic file (type pdf)
<use Figures/MaxCut/Twitter.pdf>
Package pdftex.def Info: Figures/MaxCut/Twitter.pdf  used on input line 495.
(pdftex.def)             Requested size: 112.19708pt x 88.77525pt.
<Figures/MaxCut/DBLP.pdf, id=1137, 569.55884pt x 450.69254pt>
File: Figures/MaxCut/DBLP.pdf Graphic file (type pdf)
<use Figures/MaxCut/DBLP.pdf>
Package pdftex.def Info: Figures/MaxCut/DBLP.pdf  used on input line 498.
(pdftex.def)             Requested size: 112.19708pt x 88.77525pt.
<Figures/MaxCut/YouTube.pdf, id=1138, 569.55884pt x 450.69254pt>
File: Figures/MaxCut/YouTube.pdf Graphic file (type pdf)
<use Figures/MaxCut/YouTube.pdf>
Package pdftex.def Info: Figures/MaxCut/YouTube.pdf  used on input line 501.
(pdftex.def)             Requested size: 112.19708pt x 88.77525pt.
<Figures/MaxCut/Skitter.pdf, id=1139, 569.55884pt x 450.69254pt>
File: Figures/MaxCut/Skitter.pdf Graphic file (type pdf)
<use Figures/MaxCut/Skitter.pdf>
Package pdftex.def Info: Figures/MaxCut/Skitter.pdf  used on input line 504.
(pdftex.def)             Requested size: 112.19708pt x 88.77525pt.
) [18] [19 <./Figures/cpu_gpu_usage_by_algorithm.pdf> <./Figures/MaxCover/Faceb
ook.pdf> <./Figures/MaxCover/Wiki.pdf> <./Figures/MaxCover/Deezer.pdf> <./Figur
es/MaxCover/Slashdot.pdf> <./Figures/MaxCover/Twitter.pdf> <./Figures/MaxCover/
DBLP.pdf> <./Figures/MaxCover/YouTube.pdf> <./Figures/MaxCover/Skitter.pdf>]
[20 <./Figures/IM/Facebook.pdf> <./Figures/IM/Deezer.pdf> <./Figures/IM/DBLP.pd
f>] [21 <./Figures/MaxCut/Facebook.pdf> <./Figures/MaxCut/Wiki.pdf> <./Figures/
MaxCut/Deezer.pdf> <./Figures/MaxCut/Slashdot.pdf> <./Figures/MaxCut/Twitter.pd
f> <./Figures/MaxCut/DBLP.pdf> <./Figures/MaxCut/YouTube.pdf> <./Figures/MaxCut
/Skitter.pdf>] (./main.aux)
 ***********
LaTeX2e <2023-11-01> patch level 1
L3 programming layer <2024-01-22>
 ***********


LaTeX Font Warning: Some font shapes were not available, defaults substituted.


LaTeX Warning: There were multiply-defined labels.

Package rerunfilecheck Info: File `main.out' has not changed.
(rerunfilecheck)             Checksum: 0A828992ACFCF35DC7BC8C36F5AEEF5C;4755.
 ) 
Here is how much of TeX's memory you used:
 13804 strings out of 474222
 213548 string characters out of 5748734
 2007975 words of memory out of 5000000
 35628 multiletter control sequences out of 15000+600000
 568124 words of font info for 73 fonts, out of 8000000 for 9000
 1141 hyphenation exceptions out of 8191
 74i,13n,82p,1347b,661s stack positions out of 10000i,1000n,20000p,200000b,200000s
</usr/share/texlive/texmf-dist/fonts/type1/public/amsfonts/cm/cmbx10.pfb></us
r/share/texlive/texmf-dist/fonts/type1/public/amsfonts/cm/cmbx12.pfb></usr/shar
e/texlive/texmf-dist/fonts/type1/public/amsfonts/cm/cmbx9.pfb></usr/share/texli
ve/texmf-dist/fonts/type1/public/amsfonts/cm/cmbxti10.pfb></usr/share/texlive/t
exmf-dist/fonts/type1/public/amsfonts/cm/cmcsc10.pfb></usr/share/texlive/texmf-
dist/fonts/type1/public/amsfonts/cm/cmex10.pfb></usr/share/texlive/texmf-dist/f
onts/type1/public/amsfonts/cm/cmmi10.pfb></usr/share/texlive/texmf-dist/fonts/t
ype1/public/amsfonts/cm/cmmi5.pfb></usr/share/texlive/texmf-dist/fonts/type1/pu
blic/amsfonts/cm/cmmi7.pfb></usr/share/texlive/texmf-dist/fonts/type1/public/am
sfonts/cm/cmr10.pfb></usr/share/texlive/texmf-dist/fonts/type1/public/amsfonts/
cm/cmr5.pfb></usr/share/texlive/texmf-dist/fonts/type1/public/amsfonts/cm/cmr6.
pfb></usr/share/texlive/texmf-dist/fonts/type1/public/amsfonts/cm/cmr7.pfb></us
r/share/texlive/texmf-dist/fonts/type1/public/amsfonts/cm/cmr9.pfb></usr/share/
texlive/texmf-dist/fonts/type1/public/amsfonts/cm/cmsy10.pfb></usr/share/texliv
e/texmf-dist/fonts/type1/public/amsfonts/cm/cmsy5.pfb></usr/share/texlive/texmf
-dist/fonts/type1/public/amsfonts/cm/cmsy7.pfb></usr/share/texlive/texmf-dist/f
onts/type1/public/amsfonts/cm/cmti10.pfb></usr/share/texlive/texmf-dist/fonts/t
ype1/public/amsfonts/cm/cmtt10.pfb></usr/share/texlive/texmf-dist/fonts/type1/p
ublic/amsfonts/symbols/msbm10.pfb></usr/share/texmf/fonts/type1/public/cm-super
/sfrm1000.pfb>
Output written on main.pdf (21 pages, 2770316 bytes).
PDF statistics:
 2348 PDF objects out of 2487 (max. 8388607)
 912 compressed objects within 10 object streams
 222 named destinations out of 1000 (max. 500000)
 345 words of extra memory for PDF output out of 10000 (max. 10000000)

